<?xml version="1.0" encoding="UTF-8"?>
<!-- Generated by org.testng.reporters.JUnitXMLReporter -->
<testsuite hostname="DESKTOP-4FH0JDB" ignored="1" name="Default test" tests="1" failures="0" timestamp="17 Sep 2022 01:15:53 GMT" time="17.251" errors="0">
  <testcase name="windowSwitchParentWindowTest" time="12.996" classname="com.selenium.test.cases.WindowSwitchTests"/>
  <testcase name="windowSwitcTest" time="0.0" classname="com.selenium.test.cases.WindowSwitchTests">
    <ignored/>
  </testcase> <!-- windowSwitcTest -->
</testsuite> <!-- Default test -->
